TOTAL TESTING SCORE: 85.5%

- - - - - - - - - - - - - - - - - - - - - - - - - - - - - - - - - - - - - - 

SUMMARY BY TEST SET

Test Set                                      Pts Max  % Ttl  % Max
--------------------------------------------- --- --- ------ ------
tests/userprog/Rubric.functionality            94/108  30.5%/ 35.0%
tests/userprog/Rubric.robustness               88/ 88  25.0%/ 25.0%
tests/userprog/no-vm/Rubric                     0/  1   0.0%/ 10.0%
tests/filesys/base/Rubric                      30/ 30  30.0%/ 30.0%
--------------------------------------------- --- --- ------ ------
Total                                                  85.5%/100.0%

- - - - - - - - - - - - - - - - - - - - - - - - - - - - - - - - - - - - - - 

SUMMARY OF INDIVIDUAL TESTS

Functionality of system calls (tests/userprog/Rubric.functionality):
	- Test argument passing on Pintos command line.
	     3/ 3 tests/userprog/args-none
	     3/ 3 tests/userprog/args-single
	     3/ 3 tests/userprog/args-multiple
	     3/ 3 tests/userprog/args-many
	     3/ 3 tests/userprog/args-dbl-space

	- Test "create" system call.
	     3/ 3 tests/userprog/create-empty
	     3/ 3 tests/userprog/create-long
	     3/ 3 tests/userprog/create-normal
	     3/ 3 tests/userprog/create-exists

	- Test "open" system call.
	     3/ 3 tests/userprog/open-missing
	     3/ 3 tests/userprog/open-normal
	     3/ 3 tests/userprog/open-twice

	- Test "read" system call.
	     3/ 3 tests/userprog/read-normal
	     3/ 3 tests/userprog/read-zero

	- Test "write" system call.
	     3/ 3 tests/userprog/write-normal
	     3/ 3 tests/userprog/write-zero

	- Test "close" system call.
	     3/ 3 tests/userprog/close-normal

	- Test "exec" system call.
	     5/ 5 tests/userprog/exec-once
	     5/ 5 tests/userprog/exec-multiple
	  ** 0/ 5 tests/userprog/exec-arg

	- Test "wait" system call.
	     5/ 5 tests/userprog/wait-simple
	     5/ 5 tests/userprog/wait-twice

	- Test "exit" system call.
	     5/ 5 tests/userprog/exit

	- Test "halt" system call.
	     3/ 3 tests/userprog/halt

	- Test recursive execution of user programs.
	    15/15 tests/userprog/multi-recurse

	- Test read-only executable feature.
	  ** 0/ 3 tests/userprog/rox-simple
	  ** 0/ 3 tests/userprog/rox-child
	  ** 0/ 3 tests/userprog/rox-multichild

	- Section summary.
	     24/ 28 tests passed
	     94/108 points subtotal

Robustness of system calls (tests/userprog/Rubric.robustness):
	- Test robustness of file descriptor handling.
	     2/ 2 tests/userprog/close-stdin
	     2/ 2 tests/userprog/close-stdout
	     2/ 2 tests/userprog/close-bad-fd
	     2/ 2 tests/userprog/close-twice
	     2/ 2 tests/userprog/read-bad-fd
	     2/ 2 tests/userprog/read-stdout
	     2/ 2 tests/userprog/write-bad-fd
	     2/ 2 tests/userprog/write-stdin
	     2/ 2 tests/userprog/multi-child-fd

	- Test robustness of pointer handling.
	     3/ 3 tests/userprog/create-bad-ptr
	     3/ 3 tests/userprog/exec-bad-ptr
	     3/ 3 tests/userprog/open-bad-ptr
	     3/ 3 tests/userprog/read-bad-ptr
	     3/ 3 tests/userprog/write-bad-ptr

	- Test robustness of buffer copying across page boundaries.
	     3/ 3 tests/userprog/create-bound
	     3/ 3 tests/userprog/open-boundary
	     3/ 3 tests/userprog/read-boundary
	     3/ 3 tests/userprog/write-boundary

	- Test handling of null pointer and empty strings.
	     2/ 2 tests/userprog/create-null
	     2/ 2 tests/userprog/open-null
	     2/ 2 tests/userprog/open-empty

	- Test robustness of system call implementation.
	     3/ 3 tests/userprog/sc-bad-arg
	     3/ 3 tests/userprog/sc-bad-sp
	     5/ 5 tests/userprog/sc-boundary
	     5/ 5 tests/userprog/sc-boundary-2

	- Test robustness of "exec" and "wait" system calls.
	     5/ 5 tests/userprog/exec-missing
	     5/ 5 tests/userprog/wait-bad-pid
	     5/ 5 tests/userprog/wait-killed

	- Test robustness of exception handling.
	     1/ 1 tests/userprog/bad-read
	     1/ 1 tests/userprog/bad-write
	     1/ 1 tests/userprog/bad-jump
	     1/ 1 tests/userprog/bad-read2
	     1/ 1 tests/userprog/bad-write2
	     1/ 1 tests/userprog/bad-jump2

	- Section summary.
	     34/ 34 tests passed
	     88/ 88 points subtotal

Functionality of features that VM might break (tests/userprog/no-vm/Rubric):

	  ** 0/ 1 tests/userprog/no-vm/multi-oom

	- Section summary.
	      0/  1 tests passed
	      0/  1 points subtotal

Functionality of base file system (tests/filesys/base/Rubric):
	- Test basic support for small files.
	     1/ 1 tests/filesys/base/sm-create
	     2/ 2 tests/filesys/base/sm-full
	     2/ 2 tests/filesys/base/sm-random
	     2/ 2 tests/filesys/base/sm-seq-block
	     3/ 3 tests/filesys/base/sm-seq-random

	- Test basic support for large files.
	     1/ 1 tests/filesys/base/lg-create
	     2/ 2 tests/filesys/base/lg-full
	     2/ 2 tests/filesys/base/lg-random
	     2/ 2 tests/filesys/base/lg-seq-block
	     3/ 3 tests/filesys/base/lg-seq-random

	- Test synchronized multiprogram access to files.
	     4/ 4 tests/filesys/base/syn-read
	     4/ 4 tests/filesys/base/syn-write
	     2/ 2 tests/filesys/base/syn-remove

	- Section summary.
	     13/ 13 tests passed
	     30/ 30 points subtotal


- - - - - - - - - - - - - - - - - - - - - - - - - - - - - - - - - - - - - - 

DETAILS OF tests/userprog/exec-arg FAILURE:

Test output failed to match any acceptable form.

Acceptable output:
  (exec-arg) begin
  (args) begin
  (args) argc = 2
  (args) argv[0] = 'child-args'
  (args) argv[1] = 'childarg'
  (args) argv[2] = null
  (args) end
  child-args: exit(0)
  (exec-arg) end
  exec-arg: exit(0)
Differences in `diff -u' format:
  (exec-arg) begin
- (args) begin
- (args) argc = 2
- (args) argv[0] = 'child-args'
- (args) argv[1] = 'childarg'
- (args) argv[2] = null
- (args) end
- child-args: exit(0)
- (exec-arg) end
- exec-arg: exit(0)
+ exec-arg: exit(-1)

OUTPUT FROM tests/userprog/exec-arg:

Copying tests/userprog/exec-arg to scratch partition...
Copying tests/userprog/child-args to scratch partition...
qemu -hda /tmp/knvi8Tf0dB.dsk -m 4 -net none -nographic -monitor null -no-reboot
c[?7l[2J[0mSeaBIOS (version rel-1.11.0-0-g63451fca13-prebuilt.qemu-project.org)
Booting from Hard Disk...
PPiiLLoo  hhddaa1
1
LLooaaddiinngg.......................
Kernel command line: -q -f extract run exec-arg
Pintos booting with 3,968 kB RAM...
367 pages available in kernel pool.
367 pages available in user pool.
Calibrating timer...  26,188,800 loops/s.
hda: 5,040 sectors (2 MB), model "QM00001", serial "QEMU HARDDISK"
hda1: 198 sectors (99 kB), Pintos OS kernel (20)
hda2: 4,096 sectors (2 MB), Pintos file system (21)
hda3: 140 sectors (70 kB), Pintos scratch (22)
filesys: using hda2
scratch: using hda3
Formatting file system...done.
Boot complete.
Extracting ustar archive from scratch device into file system...
Putting 'exec-arg' into the file system...
Putting 'child-args' into the file system...
Erasing ustar archive...
Executing 'exec-arg':
(exec-arg) begin
exec-arg: exit(-1)
Execution of 'exec-arg' complete.
Timer: 97 ticks
Thread: 8 idle ticks, 86 kernel ticks, 4 user ticks
hda2 (filesys): 84 reads, 286 writes
hda3 (scratch): 139 reads, 2 writes
Console: 908 characters output
Keyboard: 0 keys pressed
Exception: 1 page faults
Powering off...
Rebooting...

- - - - - - - - - - - - - - - - - - - - - - - - - - - - - - - - - - - - - - 

DETAILS OF tests/userprog/rox-simple FAILURE:

run: try to write "rox-simple": FAILED

OUTPUT FROM tests/userprog/rox-simple:

Copying tests/userprog/rox-simple to scratch partition...
qemu -hda /tmp/MrTLeiocJW.dsk -m 4 -net none -nographic -monitor null -no-reboot
c[?7l[2J[0mSeaBIOS (version rel-1.11.0-0-g63451fca13-prebuilt.qemu-project.org)
Booting from Hard Disk...
PPiiLLoo  hhddaa1
1
LLooaaddiinngg.......................
Kernel command line: -q -f extract run rox-simple
Pintos booting with 3,968 kB RAM...
367 pages available in kernel pool.
367 pages available in user pool.
Calibrating timer...  37,632,000 loops/s.
hda: 5,040 sectors (2 MB), model "QM00001", serial "QEMU HARDDISK"
hda1: 198 sectors (99 kB), Pintos OS kernel (20)
hda2: 4,096 sectors (2 MB), Pintos file system (21)
hda3: 72 sectors (36 kB), Pintos scratch (22)
filesys: using hda2
scratch: using hda3
Formatting file system...done.
Boot complete.
Extracting ustar archive from scratch device into file system...
Putting 'rox-simple' into the file system...
Erasing ustar archive...
Executing 'rox-simple':
(rox-simple) begin
(rox-simple) open "rox-simple"
(rox-simple) read "rox-simple"
(rox-simple) try to write "rox-simple"
(rox-simple) try to write "rox-simple": FAILED
rox-simple: exit(1)
Execution of 'rox-simple' complete.
Timer: 83 ticks
Thread: 4 idle ticks, 73 kernel ticks, 6 user ticks
hda2 (filesys): 64 reads, 149 writes
hda3 (scratch): 71 reads, 2 writes
Console: 1020 characters output
Keyboard: 0 keys pressed
Exception: 0 page faults
Powering off...
Rebooting...

- - - - - - - - - - - - - - - - - - - - - - - - - - - - - - - - - - - - - - 

DETAILS OF tests/userprog/rox-child FAILURE:

Test output failed to match any acceptable form.

Acceptable output:
  (rox-child) begin
  (rox-child) open "child-rox"
  (rox-child) read "child-rox"
  (rox-child) write "child-rox"
  (rox-child) exec "child-rox 1"
  (child-rox) begin
  (child-rox) try to write "child-rox"
  (child-rox) try to write "child-rox"
  (child-rox) end
  child-rox: exit(12)
  (rox-child) write "child-rox"
  (rox-child) end
  rox-child: exit(0)
Differences in `diff -u' format:
  (rox-child) begin
  (rox-child) open "child-rox"
  (rox-child) read "child-rox"
  (rox-child) write "child-rox"
  (rox-child) exec "child-rox 1"
- (child-rox) begin
- (child-rox) try to write "child-rox"
- (child-rox) try to write "child-rox"
- (child-rox) end
- child-rox: exit(12)
- (rox-child) write "child-rox"
- (rox-child) end
- rox-child: exit(0)
+ rox-child: exit(-1)

OUTPUT FROM tests/userprog/rox-child:

Copying tests/userprog/rox-child to scratch partition...
Copying tests/userprog/child-rox to scratch partition...
qemu -hda /tmp/DXvHvpg59q.dsk -m 4 -net none -nographic -monitor null -no-reboot
c[?7l[2J[0mSeaBIOS (version rel-1.11.0-0-g63451fca13-prebuilt.qemu-project.org)
Booting from Hard Disk...
PPiiLLoo  hhddaa1
1
LLooaaddiinngg.......................
Kernel command line: -q -f extract run rox-child
Pintos booting with 3,968 kB RAM...
367 pages available in kernel pool.
367 pages available in user pool.
Calibrating timer...  32,716,800 loops/s.
hda: 5,040 sectors (2 MB), model "QM00001", serial "QEMU HARDDISK"
hda1: 198 sectors (99 kB), Pintos OS kernel (20)
hda2: 4,096 sectors (2 MB), Pintos file system (21)
hda3: 152 sectors (76 kB), Pintos scratch (22)
filesys: using hda2
scratch: using hda3
Formatting file system...done.
Boot complete.
Extracting ustar archive from scratch device into file system...
Putting 'rox-child' into the file system...
Putting 'child-rox' into the file system...
Erasing ustar archive...
Executing 'rox-child':
(rox-child) begin
(rox-child) open "child-rox"
(rox-child) read "child-rox"
(rox-child) write "child-rox"
(rox-child) exec "child-rox 1"
rox-child: exit(-1)
Execution of 'rox-child' complete.
Timer: 96 ticks
Thread: 8 idle ticks, 83 kernel ticks, 6 user ticks
hda2 (filesys): 92 reads, 311 writes
hda3 (scratch): 151 reads, 2 writes
Console: 1032 characters output
Keyboard: 0 keys pressed
Exception: 1 page faults
Powering off...
Rebooting...

- - - - - - - - - - - - - - - - - - - - - - - - - - - - - - - - - - - - - - 

DETAILS OF tests/userprog/rox-multichild FAILURE:

Test output failed to match any acceptable form.

Acceptable output:
  (rox-multichild) begin
  (rox-multichild) open "child-rox"
  (rox-multichild) read "child-rox"
  (rox-multichild) write "child-rox"
  (rox-multichild) exec "child-rox 5"
  (child-rox) begin
  (child-rox) try to write "child-rox"
  (child-rox) exec "child-rox 4"
  (child-rox) begin
  (child-rox) try to write "child-rox"
  (child-rox) exec "child-rox 3"
  (child-rox) begin
  (child-rox) try to write "child-rox"
  (child-rox) exec "child-rox 2"
  (child-rox) begin
  (child-rox) try to write "child-rox"
  (child-rox) exec "child-rox 1"
  (child-rox) begin
  (child-rox) try to write "child-rox"
  (child-rox) try to write "child-rox"
  (child-rox) end
  child-rox: exit(12)
  (child-rox) try to write "child-rox"
  (child-rox) end
  child-rox: exit(12)
  (child-rox) try to write "child-rox"
  (child-rox) end
  child-rox: exit(12)
  (child-rox) try to write "child-rox"
  (child-rox) end
  child-rox: exit(12)
  (child-rox) try to write "child-rox"
  (child-rox) end
  child-rox: exit(12)
  (rox-multichild) write "child-rox"
  (rox-multichild) end
  rox-multichild: exit(0)
Differences in `diff -u' format:
  (rox-multichild) begin
  (rox-multichild) open "child-rox"
  (rox-multichild) read "child-rox"
  (rox-multichild) write "child-rox"
  (rox-multichild) exec "child-rox 5"
- (child-rox) begin
- (child-rox) try to write "child-rox"
- (child-rox) exec "child-rox 4"
- (child-rox) begin
- (child-rox) try to write "child-rox"
- (child-rox) exec "child-rox 3"
- (child-rox) begin
- (child-rox) try to write "child-rox"
- (child-rox) exec "child-rox 2"
- (child-rox) begin
- (child-rox) try to write "child-rox"
- (child-rox) exec "child-rox 1"
- (child-rox) begin
- (child-rox) try to write "child-rox"
- (child-rox) try to write "child-rox"
- (child-rox) end
- child-rox: exit(12)
- (child-rox) try to write "child-rox"
- (child-rox) end
- child-rox: exit(12)
- (child-rox) try to write "child-rox"
- (child-rox) end
- child-rox: exit(12)
- (child-rox) try to write "child-rox"
- (child-rox) end
- child-rox: exit(12)
- (child-rox) try to write "child-rox"
- (child-rox) end
- child-rox: exit(12)
- (rox-multichild) write "child-rox"
- (rox-multichild) end
- rox-multichild: exit(0)
+ rox-multichild: exit(-1)

OUTPUT FROM tests/userprog/rox-multichild:

Copying tests/userprog/rox-multichild to scratch partition...
Copying tests/userprog/child-rox to scratch partition...
qemu -hda /tmp/JpmsXsnT9h.dsk -m 4 -net none -nographic -monitor null -no-reboot
c[?7l[2J[0mSeaBIOS (version rel-1.11.0-0-g63451fca13-prebuilt.qemu-project.org)
Booting from Hard Disk...
PPiiLLoo  hhddaa1
1
LLooaaddiinngg.......................
Kernel command line: -q -f extract run rox-multichild
Pintos booting with 3,968 kB RAM...
367 pages available in kernel pool.
367 pages available in user pool.
Calibrating timer...  29,440,000 loops/s.
hda: 5,040 sectors (2 MB), model "QM00001", serial "QEMU HARDDISK"
hda1: 198 sectors (99 kB), Pintos OS kernel (20)
hda2: 4,096 sectors (2 MB), Pintos file system (21)
hda3: 152 sectors (76 kB), Pintos scratch (22)
filesys: using hda2
scratch: using hda3
Formatting file system...done.
Boot complete.
Extracting ustar archive from scratch device into file system...
Putting 'rox-multichild' into the file system...
Putting 'child-rox' into the file system...
Erasing ustar archive...
Executing 'rox-multichild':
(rox-multichild) begin
(rox-multichild) open "child-rox"
(rox-multichild) read "child-rox"
(rox-multichild) write "child-rox"
(rox-multichild) exec "child-rox 5"
rox-multichild: exit(-1)
Execution of 'rox-multichild' complete.
Timer: 97 ticks
Thread: 9 idle ticks, 84 kernel ticks, 5 user ticks
hda2 (filesys): 92 reads, 311 writes
hda3 (scratch): 151 reads, 2 writes
Console: 1082 characters output
Keyboard: 0 keys pressed
Exception: 1 page faults
Powering off...
Rebooting...

- - - - - - - - - - - - - - - - - - - - - - - - - - - - - - - - - - - - - - 

DETAILS OF tests/userprog/no-vm/multi-oom FAILURE:

Kernel panic in run: PANIC at ../../userprog/pagedir.c:130 in pagedir_get_page(): assertion `is_user_vaddr (uaddr)' failed.
Call stack: 0xc0029971 0xc002ceb1 0xc002df31 0xc002d8a6 0xc002d60a 0xc0021ce2 0xc0021f0c 0x804acba 0x80481a5 0x804824e 0x8048a0b
Translation of call stack:
In kernel.o:
0xc0029971: debug_panic (.../../lib/kernel/debug.c:38)
0xc002ceb1: pagedir_get_page (...../userprog/pagedir.c:132)
0xc002df31: check_bad_ptr (...../userprog/syscall.c:367)
0xc002d8a6: open (...../userprog/syscall.c:173)
0xc002d60a: syscall_handler (.../../userprog/syscall.c:98)
0xc0021ce2: intr_handler (..../threads/interrupt.c:367)
0xc0021f0c: intr_entry (threads/intr-stubs.S:38)
In tests/userprog/no-vm/multi-oom:
0x0804acba: open (...../lib/user/syscall.c:106)
0x080481a5: consume_some_resources_and_die (...prog/no-vm/multi-oom.c:87)
0x0804824e: main (...rog/no-vm/multi-oom.c:118)
0x08048a0b: _start (.../../../lib/user/entry.c:9)
Translations of user virtual addresses above are based on a guess at
the binary to use.  If this guess is incorrect, then those
translations will be misleading.

OUTPUT FROM tests/userprog/no-vm/multi-oom:

Copying tests/userprog/no-vm/multi-oom to scratch partition...
qemu -hda /tmp/42C3WTqL1q.dsk -m 4 -net none -nographic -monitor null -no-reboot
c[?7l[2J[0mSeaBIOS (version rel-1.11.0-0-g63451fca13-prebuilt.qemu-project.org)
Booting from Hard Disk...
PPiiLLoo  hhddaa1
1
LLooaaddiinngg.......................
Kernel command line: -q -f extract run multi-oom
Pintos booting with 3,968 kB RAM...
367 pages available in kernel pool.
367 pages available in user pool.
Calibrating timer...  39,270,400 loops/s.
hda: 5,040 sectors (2 MB), model "QM00001", serial "QEMU HARDDISK"
hda1: 198 sectors (99 kB), Pintos OS kernel (20)
hda2: 4,096 sectors (2 MB), Pintos file system (21)
hda3: 83 sectors (41 kB), Pintos scratch (22)
filesys: using hda2
scratch: using hda3
Formatting file system...done.
Boot complete.
Extracting ustar archive from scratch device into file system...
Putting 'multi-oom' into the file system...
Erasing ustar archive...
Executing 'multi-oom':
(multi-oom) begin
Kernel PANIC at ../../userprog/pagedir.c:130 in pagedir_get_page(): assertion `is_user_vaddr (uaddr)' failed.
Call stack: 0xc0029971 0xc002ceb1 0xc002df31 0xc002d8a6 0xc002d60a 0xc0021ce2 0xc0021f0c 0x804acba 0x80481a5 0x804824e 0x8048a0b.
The `backtrace' program can make call stacks useful.
Read "Backtraces" in the "Debugging Tools" chapter
of the Pintos documentation for more information.
Timer: 145 ticks
Thread: 13 idle ticks, 70 kernel ticks, 62 user ticks
hda2 (filesys): 1017 reads, 170 writes
hda3 (scratch): 82 reads, 2 writes
Console: 1211 characters output
Keyboard: 0 keys pressed
Exception: 0 page faults
Powering off...
